<?xml version="1.0" encoding="UTF-8"?>
<!-- Generated by org.testng.reporters.JUnitXMLReporter -->
<testsuite ignored="0" hostname="LAPTOP-E9BB98QD" failures="0" tests="5" name="Alert Test" time="29.81" errors="0" timestamp="2026-06-07T00:36:20 IST">
  <testcase classname="testcases.AlertTest" name="testConfirmAlertAccept" time="0.088"/>
  <testcase classname="testcases.AlertTest" name="testConfirmAlertDismiss" time="0.071"/>
  <testcase classname="testcases.AlertTest" name="testNewTab" time="1.688"/>
  <testcase classname="testcases.AlertTest" name="testPromptAlert" time="0.072"/>
  <testcase classname="testcases.AlertTest" name="testSimpleAlert" time="0.075"/>
</testsuite> <!-- Alert Test -->
