<?xml version="1.0" encoding="UTF-8"?>
<!-- Generated by org.testng.reporters.JUnitXMLReporter -->
<testsuite ignored="0" hostname="LAPTOP-E9BB98QD" failures="0" tests="8" name="Form Test" time="42.526" errors="0" timestamp="2026-06-07T00:35:50 IST">
  <testcase classname="testcases.FormTest" name="testCheckboxDays" time="0.46"/>
  <testcase classname="testcases.FormTest" name="testColorDropdown" time="0.117"/>
  <testcase classname="testcases.FormTest" name="testCountryDropdown" time="0.187"/>
  <testcase classname="testcases.FormTest" name="testDatePickers" time="0.1"/>
  <testcase classname="testcases.FormTest" name="testFullFormFill" time="0.984"/>
  <testcase classname="testcases.FormTest" name="testGenderRadioFemale" time="0.104"/>
  <testcase classname="testcases.FormTest" name="testGenderRadioMale" time="0.097"/>
  <testcase classname="testcases.FormTest" name="testTextFields" time="0.388"/>
</testsuite> <!-- Form Test -->
