<?xml version="1.0" encoding="UTF-8"?>
<!-- Generated by org.testng.reporters.JUnitXMLReporter -->
<testsuite ignored="0" hostname="LAPTOP-E9BB98QD" failures="0" tests="3" name="Mouse Action Test" time="16.722" errors="0" timestamp="2026-06-07T00:36:37 IST">
  <testcase classname="testcases.MouseActionTest" name="testDoubleClick" time="0.693"/>
  <testcase classname="testcases.MouseActionTest" name="testDragAndDrop" time="1.292"/>
  <testcase classname="testcases.MouseActionTest" name="testMouseHover" time="1.147"/>
</testsuite> <!-- Mouse Action Test -->
