<?xml version="1.0" encoding="UTF-8"?>
<!-- Generated by org.testng.reporters.JUnitXMLReporter -->
<testsuite ignored="0" hostname="LAPTOP-E9BB98QD" failures="0" tests="3" name="Slider Test" time="27.676" errors="0" timestamp="2026-06-07T00:37:05 IST">
  <testcase classname="testcases.SliderTest" name="testMoveSlider" time="10.296"/>
  <testcase classname="testcases.SliderTest" name="testPriceText" time="0.078"/>
  <testcase classname="testcases.SliderTest" name="testSliderDefaultValue" time="0.021"/>
</testsuite> <!-- Slider Test -->
