<?xml version="1.0" encoding="UTF-8"?>
<!-- Generated by org.testng.reporters.JUnitXMLReporter -->
<testsuite ignored="0" hostname="LAPTOP-E9BB98QD" failures="0" tests="4" name="Upload Test" time="23.011" errors="0" timestamp="2026-06-07T00:37:28 IST">
  <testcase classname="testcases.UploadTest" name="testMultiInputVisible" time="0.02"/>
  <testcase classname="testcases.UploadTest" name="testSingleInputVisible" time="0.02"/>
  <testcase classname="testcases.UploadTest" name="testUploadMultipleFiles" time="1.613"/>
  <testcase classname="testcases.UploadTest" name="testUploadSingleFile" time="1.615"/>
</testsuite> <!-- Upload Test -->
