<?xml version="1.0" encoding="UTF-8"?>
<testng-results ignored="0" total="3" passed="3" failed="0" skipped="0">
  <reporter-output>
  </reporter-output>
  <suite started-at="2026-06-05T16:24:03 IST" name="OrangeHRM Suite" finished-at="2026-06-05T16:26:03 IST" duration-ms="120097">
    <groups>
    </groups>
    <test started-at="2026-06-05T16:24:03 IST" name="Login Test" finished-at="2026-06-05T16:26:03 IST" duration-ms="120097">
      <class name="tests.LoginTest">
        <test-method is-config="true" signature="setup()[pri:0, instance:tests.LoginTest@2d1ef81a]" started-at="2026-06-05T16:24:04 IST" name="setup" finished-at="2026-06-05T16:24:10 IST" duration-ms="6665" status="PASS">
          <reporter-output>
          </reporter-output>
        </test-method> <!-- setup -->
        <test-method signature="loginTest(java.lang.String,java.lang.String)[pri:0, instance:tests.LoginTest@2d1ef81a]" started-at="2026-06-05T16:24:10 IST" name="loginTest" data-provider="LoginData" finished-at="2026-06-05T16:24:14 IST" duration-ms="3105" status="PASS">
          <params>
            <param index="0">
              <value>
                <![CDATA[Admin]]>
              </value>
            </param>
            <param index="1">
              <value>
                <![CDATA[admin123]]>
              </value>
            </param>
          </params>
          <reporter-output>
          </reporter-output>
        </test-method> <!-- loginTest -->
        <test-method is-config="true" signature="tearDown()[pri:0, instance:tests.LoginTest@2d1ef81a]" started-at="2026-06-05T16:24:14 IST" name="tearDown" finished-at="2026-06-05T16:24:14 IST" duration-ms="232" status="PASS">
          <reporter-output>
          </reporter-output>
        </test-method> <!-- tearDown -->
        <test-method is-config="true" signature="setup()[pri:0, instance:tests.LoginTest@2d1ef81a]" started-at="2026-06-05T16:24:14 IST" name="setup" finished-at="2026-06-05T16:24:19 IST" duration-ms="5654" status="PASS">
          <reporter-output>
          </reporter-output>
        </test-method> <!-- setup -->
        <test-method signature="loginTest(java.lang.String,java.lang.String)[pri:0, instance:tests.LoginTest@2d1ef81a]" started-at="2026-06-05T16:24:19 IST" name="loginTest" data-provider="LoginData" finished-at="2026-06-05T16:24:22 IST" duration-ms="2331" status="PASS">
          <params>
            <param index="0">
              <value>
                <![CDATA[Admin]]>
              </value>
            </param>
            <param index="1">
              <value>
                <![CDATA[wrong123]]>
              </value>
            </param>
          </params>
          <reporter-output>
          </reporter-output>
        </test-method> <!-- loginTest -->
        <test-method is-config="true" signature="tearDown()[pri:0, instance:tests.LoginTest@2d1ef81a]" started-at="2026-06-05T16:24:22 IST" name="tearDown" finished-at="2026-06-05T16:24:22 IST" duration-ms="238" status="PASS">
          <reporter-output>
          </reporter-output>
        </test-method> <!-- tearDown -->
        <test-method is-config="true" signature="setup()[pri:0, instance:tests.LoginTest@2d1ef81a]" started-at="2026-06-05T16:24:22 IST" name="setup" finished-at="2026-06-05T16:25:57 IST" duration-ms="95258" status="PASS">
          <reporter-output>
          </reporter-output>
        </test-method> <!-- setup -->
        <test-method signature="loginTest(java.lang.String,java.lang.String)[pri:0, instance:tests.LoginTest@2d1ef81a]" started-at="2026-06-05T16:25:57 IST" name="loginTest" data-provider="LoginData" finished-at="2026-06-05T16:26:03 IST" duration-ms="5536" status="PASS">
          <params>
            <param index="0">
              <value>
                <![CDATA[Test]]>
              </value>
            </param>
            <param index="1">
              <value>
                <![CDATA[admin123]]>
              </value>
            </param>
          </params>
          <reporter-output>
          </reporter-output>
        </test-method> <!-- loginTest -->
        <test-method is-config="true" signature="tearDown()[pri:0, instance:tests.LoginTest@2d1ef81a]" started-at="2026-06-05T16:26:03 IST" name="tearDown" finished-at="2026-06-05T16:26:03 IST" duration-ms="278" status="PASS">
          <reporter-output>
          </reporter-output>
        </test-method> <!-- tearDown -->
      </class> <!-- tests.LoginTest -->
    </test> <!-- Login Test -->
  </suite> <!-- OrangeHRM Suite -->
</testng-results>
