<?xml version="1.0" encoding="UTF-8"?>
<testng-results ignored="0" total="2" passed="2" failed="0" skipped="0">
  <reporter-output>
  </reporter-output>
  <suite started-at="2026-05-23T18:06:33 IST" name="CrossBrowserSuite" finished-at="2026-05-23T18:06:39 IST" duration-ms="5545">
    <groups>
    </groups>
    <test started-at="2026-05-23T18:06:33 IST" name="ChromeTest" finished-at="2026-05-23T18:06:39 IST" duration-ms="5263">
      <class name="Day27_class_Assignment.CrossBrowserTest">
        <test-method signature="browserTest(java.lang.String)[pri:0, instance:Day27_class_Assignment.CrossBrowserTest@59474f18]" started-at="2026-05-23T18:06:33 IST" name="browserTest" finished-at="2026-05-23T18:06:39 IST" duration-ms="5196" status="PASS">
          <params>
            <param index="0">
              <value>
                <![CDATA[chrome]]>
              </value>
            </param>
          </params>
          <reporter-output>
          </reporter-output>
        </test-method> <!-- browserTest -->
      </class> <!-- Day27_class_Assignment.CrossBrowserTest -->
    </test> <!-- ChromeTest -->
    <test started-at="2026-05-23T18:06:33 IST" name="EdgeTest" finished-at="2026-05-23T18:06:39 IST" duration-ms="5545">
      <class name="Day27_class_Assignment.CrossBrowserTest">
        <test-method signature="browserTest(java.lang.String)[pri:0, instance:Day27_class_Assignment.CrossBrowserTest@2cd76f31]" started-at="2026-05-23T18:06:33 IST" name="browserTest" finished-at="2026-05-23T18:06:39 IST" duration-ms="5481" status="PASS">
          <params>
            <param index="0">
              <value>
                <![CDATA[edge]]>
              </value>
            </param>
          </params>
          <reporter-output>
          </reporter-output>
        </test-method> <!-- browserTest -->
      </class> <!-- Day27_class_Assignment.CrossBrowserTest -->
    </test> <!-- EdgeTest -->
  </suite> <!-- CrossBrowserSuite -->
</testng-results>
