<?xml version="1.0" encoding="UTF-8"?>
<!-- Generated by org.testng.reporters.JUnitReportReporter -->
<testsuite hostname="LAPTOP-E9BB98QD" failures="0" tests="3" name="testcases.SliderTest" time="27.667" errors="0" timestamp="2026-06-07T00:37:28 IST" skipped="0">
  <testcase classname="testcases.SliderTest" name="testPriceText" time="5.464"/>
  <testcase classname="testcases.SliderTest" name="testSliderDefaultValue" time="5.717"/>
  <testcase classname="testcases.SliderTest" name="testMoveSlider" time="16.486"/>
</testsuite> <!-- testcases.SliderTest -->
