<?xml version="1.0" encoding="UTF-8"?>
<!-- Generated by org.testng.reporters.JUnitReportReporter -->
<testsuite hostname="LAPTOP-E9BB98QD" failures="0" tests="3" name="testcases.MouseActionTest" time="16.703" errors="0" timestamp="2026-06-07T00:37:28 IST" skipped="0">
  <testcase classname="testcases.MouseActionTest" name="testDragAndDrop" time="4.527"/>
  <testcase classname="testcases.MouseActionTest" name="testDoubleClick" time="6.149"/>
  <testcase classname="testcases.MouseActionTest" name="testMouseHover" time="6.027"/>
</testsuite> <!-- testcases.MouseActionTest -->
