<?xml version="1.0" encoding="UTF-8"?>
<!-- Generated by org.testng.reporters.JUnitReportReporter -->
<testsuite hostname="LAPTOP-E9BB98QD" failures="0" tests="8" name="testcases.FormTest" time="42.467" errors="0" timestamp="2026-06-07T00:37:28 IST" skipped="0">
  <testcase classname="testcases.FormTest" name="testCountryDropdown" time="5.827"/>
  <testcase classname="testcases.FormTest" name="testColorDropdown" time="6.667"/>
  <testcase classname="testcases.FormTest" name="testFullFormFill" time="5.821"/>
  <testcase classname="testcases.FormTest" name="testDatePickers" time="6.366"/>
  <testcase classname="testcases.FormTest" name="testCheckboxDays" time="4.862"/>
  <testcase classname="testcases.FormTest" name="testGenderRadioMale" time="3.767"/>
  <testcase classname="testcases.FormTest" name="testGenderRadioFemale" time="4.942"/>
  <testcase classname="testcases.FormTest" name="testTextFields" time="4.215"/>
</testsuite> <!-- testcases.FormTest -->
