<?xml version="1.0" encoding="UTF-8"?>
<!-- Generated by org.testng.reporters.JUnitReportReporter -->
<testsuite hostname="LAPTOP-E9BB98QD" failures="0" tests="4" name="testcases.UploadTest" time="23.007" errors="0" timestamp="2026-06-07T00:37:28 IST" skipped="0">
  <testcase classname="testcases.UploadTest" name="testSingleInputVisible" time="5.862"/>
  <testcase classname="testcases.UploadTest" name="testMultiInputVisible" time="5.104"/>
  <testcase classname="testcases.UploadTest" name="testUploadMultipleFiles" time="5.590"/>
  <testcase classname="testcases.UploadTest" name="testUploadSingleFile" time="6.451"/>
</testsuite> <!-- testcases.UploadTest -->
