<?xml version="1.0" encoding="UTF-8"?>
<!-- Generated by org.testng.reporters.JUnitReportReporter -->
<testsuite hostname="LAPTOP-E9BB98QD" failures="0" tests="5" name="testcases.AlertTest" time="29.794" errors="0" timestamp="2026-06-07T00:37:28 IST" skipped="0">
  <testcase classname="testcases.AlertTest" name="testConfirmAlertDismiss" time="6.382"/>
  <testcase classname="testcases.AlertTest" name="testPromptAlert" time="5.891"/>
  <testcase classname="testcases.AlertTest" name="testConfirmAlertAccept" time="6.213"/>
  <testcase classname="testcases.AlertTest" name="testNewTab" time="5.696"/>
  <testcase classname="testcases.AlertTest" name="testSimpleAlert" time="5.612"/>
</testsuite> <!-- testcases.AlertTest -->
