<?xml version="1.0" encoding="UTF-8"?>
<testng-results ignored="0" total="1" passed="1" failed="0" skipped="0">
  <reporter-output>
  </reporter-output>
  <suite started-at="2026-05-19T12:52:37 IST" name="Default suite" finished-at="2026-05-19T12:52:41 IST" duration-ms="4128">
    <groups>
    </groups>
    <test started-at="2026-05-19T12:52:37 IST" name="Default test" finished-at="2026-05-19T12:52:41 IST" duration-ms="4128">
      <class name="SelTestNgIntegration.loginTest">
        <test-method is-config="true" signature="setup()[pri:0, instance:SelTestNgIntegration.loginTest@206a70ef]" started-at="2026-05-19T12:52:37 IST" name="setup" finished-at="2026-05-19T12:52:40 IST" duration-ms="3501" status="PASS">
          <reporter-output>
          </reporter-output>
        </test-method> <!-- setup -->
        <test-method signature="loginTest()[pri:0, instance:SelTestNgIntegration.loginTest@206a70ef]" started-at="2026-05-19T12:52:40 IST" name="loginTest" finished-at="2026-05-19T12:52:41 IST" duration-ms="369" status="PASS">
          <reporter-output>
          </reporter-output>
        </test-method> <!-- loginTest -->
        <test-method is-config="true" signature="closeBrowser()[pri:0, instance:SelTestNgIntegration.loginTest@206a70ef]" started-at="2026-05-19T12:52:41 IST" name="closeBrowser" finished-at="2026-05-19T12:52:41 IST" duration-ms="214" status="PASS">
          <reporter-output>
          </reporter-output>
        </test-method> <!-- closeBrowser -->
      </class> <!-- SelTestNgIntegration.loginTest -->
    </test> <!-- Default test -->
  </suite> <!-- Default suite -->
</testng-results>
