<?xml version="1.0" encoding="UTF-8"?>
<!-- Generated by org.testng.reporters.JUnitReportReporter -->
<testsuite hostname="LAPTOP-E9BB98QD" failures="0" tests="3" name="tests.LoginTest" time="119.297" errors="0" timestamp="2026-06-05T16:26:03 IST" skipped="0">
  <testcase classname="tests.LoginTest" name="loginTest" time="101.032"/>
  <testcase classname="tests.LoginTest" name="loginTest" time="8.263"/>
  <testcase classname="tests.LoginTest" name="loginTest" time="10.002"/>
</testsuite> <!-- tests.LoginTest -->
