<?xml version="1.0" encoding="UTF-8"?>
<!-- Generated by org.testng.reporters.JUnitXMLReporter -->
<testsuite ignored="0" hostname="LAPTOP-E9BB98QD" failures="0" tests="0" name="Form Tests" time="0.075" errors="0" timestamp="2026-06-07T00:09:52 IST">
  <testcase classname="base.BaseClass" name="@BeforeMethod setUp" time="0.011">
    <failure type="java.lang.ExceptionInInitializerError">
      <![CDATA[java.lang.ExceptionInInitializerError
at utilities.DriverFactory.getDriver(DriverFactory.java:18)
at base.BaseClass.setUp(BaseClass.java:15)
at java.base/java.util.ArrayList.forEach(ArrayList.java:1596)
Caused by: java.lang.RuntimeException: config.properties not found: C:\Users\rekha\eclipse-workspace\Capstone_Project\src\test\resources\config.properties (The system cannot find the file specified)
at utilities.ConfigReader.<clinit>(ConfigReader.java:19)
... 32 more
... Removed 29 stack frames]]>
    </failure>
  </testcase> <!-- @BeforeMethod setUp -->
</testsuite> <!-- Form Tests -->
