<?xml version="1.0" encoding="UTF-8"?>
<!-- Generated by org.testng.reporters.JUnitXMLReporter -->
<testsuite ignored="0" hostname="LAPTOP-E9BB98QD" failures="0" tests="3" name="Login Test" time="120.097" errors="0" timestamp="2026-06-05T16:26:03 IST">
  <testcase classname="tests.LoginTest" name="loginTest" time="3.105"/>
  <testcase classname="tests.LoginTest" name="loginTest" time="2.331"/>
  <testcase classname="tests.LoginTest" name="loginTest" time="5.536"/>
</testsuite> <!-- Login Test -->
