<?xml version="1.0" encoding="UTF-8"?>
<!-- Generated by org.testng.reporters.JUnitReportReporter -->
<testsuite hostname="LAPTOP-E9BB98QD" failures="0" tests="2" name="Day27_class_Assignment.CrossBrowserTest" time="10.677" errors="0" timestamp="2026-05-23T18:06:39 IST" skipped="0">
  <testcase classname="Day27_class_Assignment.CrossBrowserTest" name="browserTest" time="5.481"/>
  <testcase classname="Day27_class_Assignment.CrossBrowserTest" name="browserTest" time="5.196"/>
</testsuite> <!-- Day27_class_Assignment.CrossBrowserTest -->
