<?xml version="1.0" encoding="UTF-8"?>
<!-- Generated by org.testng.reporters.JUnitReportReporter -->
<testsuite hostname="LAPTOP-E9BB98QD" failures="0" tests="3" name="Day23_class_assignment.SauceDemo" time="13.705" errors="0" timestamp="2026-05-20T10:42:29 IST" skipped="0">
  <testcase classname="Day23_class_assignment.SauceDemo" name="verifyLoginPageTitle" time="2.427"/>
  <testcase classname="Day23_class_assignment.SauceDemo" name="loginTest" time="2.689"/>
  <testcase classname="Day23_class_assignment.SauceDemo" name="verifyProductPage" time="8.589"/>
</testsuite> <!-- Day23_class_assignment.SauceDemo -->
